# JRE version: Java(TM) SE Runtime Environment (25.0.1+8) (build 25.0.1+8-LTS-27)
# Java VM: Java HotSpot(TM) 64-Bit Server VM (25.0.1+8-LTS-27, mixed mode, emulated-client, sharing, tiered, compressed oops, compressed class ptrs, g1 gc, windows-amd64)
GC Precious Log:
 CardTable entry size: 512
 Card Set container configuration: InlinePtr #cards 5 size 8 Array Of Cards #cards 10 size 36 Howl #buckets 4 coarsen threshold 1843 Howl Bitmap #cards 512 size 80 coarsen threshold 460 Card regions per heap region 1 cards per card region 2048
 CPUs: 4 total, 4 available
 Memory: 8103M
 Large Page Support: Disabled
 NUMA Support: Disabled
 Compressed Oops: Enabled (32-bit)
 Heap Region Size: 1M
 Heap Min Capacity: 8M
 Heap Initial Capacity: 128M
 Heap Max Capacity: 2026M
 Pre-touch: Disabled
 Parallel Workers: 4
 Concurrent Workers: 1
 Concurrent Refinement Workers: 4
 Periodic GC: Disabled
Heap:
 garbage-first heap   total reserved 2074624K, committed 71680K, used 42180K [0x0000000081600000, 0x0000000100000000)
  region size 1024K, 6 young (6144K), 4 survivors (4096K)
GC Heap Usage History (20 events):
Event: 19.729 {heap Before GC invocations=4 (full 0):
 garbage-first heap   total reserved 2074624K, committed 71680K, used 57493K [0x0000000081600000, 0x0000000100000000)
  region size 1024K, 42 young (43008K), 5 survivors (5120K)
}
Event: 19.751 {heap After GC invocations=5 (full 0):
 garbage-first heap   total reserved 2074624K, committed 71680K, used 24661K [0x0000000081600000, 0x0000000100000000)
  region size 1024K, 5 young (5120K), 5 survivors (5120K)
}
Event: 23.684 {heap Before GC invocations=5 (full 0):
 garbage-first heap   total reserved 2074624K, committed 71680K, used 52309K [0x0000000081600000, 0x0000000100000000)
  region size 1024K, 33 young (33792K), 5 survivors (5120K)
}
Event: 23.701 {heap After GC invocations=6 (full 0):
 garbage-first heap   total reserved 2074624K, committed 71680K, used 29122K [0x0000000081600000, 0x0000000100000000)
  region size 1024K, 5 young (5120K), 5 survivors (5120K)
}
Event: 26.233 {heap Before GC invocations=6 (full 0):
 garbage-first heap   total reserved 2074624K, committed 71680K, used 54722K [0x0000000081600000, 0x0000000100000000)
  region size 1024K, 31 young (31744K), 5 survivors (5120K)
}
Event: 26.247 {heap After GC invocations=7 (full 0):
 garbage-first heap   total reserved 2074624K, committed 71680K, used 33459K [0x0000000081600000, 0x0000000100000000)
  region size 1024K, 4 young (4096K), 4 survivors (4096K)
}
Event: 29.611 {heap Before GC invocations=7 (full 0):
 garbage-first heap   total reserved 2074624K, committed 71680K, used 52915K [0x0000000081600000, 0x0000000100000000)
  region size 1024K, 25 young (25600K), 4 survivors (4096K)
}
Event: 29.624 {heap After GC invocations=8 (full 0):
 garbage-first heap   total reserved 2074624K, committed 71680K, used 35006K [0x0000000081600000, 0x0000000100000000)
  region size 1024K, 2 young (2048K), 2 survivors (2048K)
}
Event: 35.343 {heap Before GC invocations=9 (full 0):
 garbage-first heap   total reserved 2074624K, committed 71680K, used 58558K [0x0000000081600000, 0x0000000100000000)
  region size 1024K, 26 young (26624K), 2 survivors (2048K)
}
Event: 35.355 {heap After GC invocations=10 (full 0):
 garbage-first heap   total reserved 2074624K, committed 71680K, used 37692K [0x0000000081600000, 0x0000000100000000)
  region size 1024K, 4 young (4096K), 4 survivors (4096K)
}
Event: 39.107 {heap Before GC invocations=10 (full 0):
 garbage-first heap   total reserved 2074624K, committed 71680K, used 61244K [0x0000000081600000, 0x0000000100000000)
  region size 1024K, 27 young (27648K), 4 survivors (4096K)
}
Event: 39.125 {heap After GC invocations=11 (full 0):
 garbage-first heap   total reserved 2074624K, committed 71680K, used 38876K [0x0000000081600000, 0x0000000100000000)
  region size 1024K, 3 young (3072K), 3 survivors (3072K)
}
Event: 39.693 {heap Before GC invocations=11 (full 0):
 garbage-first heap   total reserved 2074624K, committed 71680K, used 40924K [0x0000000081600000, 0x0000000100000000)
  region size 1024K, 6 young (6144K), 3 survivors (3072K)
}
Event: 39.700 {heap After GC invocations=12 (full 0):
 garbage-first heap   total reserved 2074624K, committed 71680K, used 40192K [0x0000000081600000, 0x0000000100000000)
  region size 1024K, 2 young (2048K), 2 survivors (2048K)
}
Event: 46.283 {heap Before GC invocations=13 (full 0):
 garbage-first heap   total reserved 2074624K, committed 71680K, used 60672K [0x0000000081600000, 0x0000000100000000)
  region size 1024K, 23 young (23552K), 2 survivors (2048K)
}
Event: 46.286 {heap After GC invocations=14 (full 0):
 garbage-first heap   total reserved 2074624K, committed 71680K, used 39529K [0x0000000081600000, 0x0000000100000000)
  region size 1024K, 2 young (2048K), 2 survivors (2048K)
}
Event: 50.201 {heap Before GC invocations=14 (full 0):
 garbage-first heap   total reserved 2074624K, committed 71680K, used 63081K [0x0000000081600000, 0x0000000100000000)
  region size 1024K, 25 young (25600K), 2 survivors (2048K)
}
Event: 50.206 {heap After GC invocations=15 (full 0):
 garbage-first heap   total reserved 2074624K, committed 71680K, used 39996K [0x0000000081600000, 0x0000000100000000)
  region size 1024K, 4 young (4096K), 4 survivors (4096K)
}
Event: 55.990 {heap Before GC invocations=15 (full 0):
 garbage-first heap   total reserved 2074624K, committed 71680K, used 63548K [0x0000000081600000, 0x0000000100000000)
  region size 1024K, 27 young (27648K), 4 survivors (4096K)
}
Event: 56.000 {heap After GC invocations=16 (full 0):
 garbage-first heap   total reserved 2074624K, committed 71680K, used 42180K [0x0000000081600000, 0x0000000100000000)
  region size 1024K, 4 young (4096K), 4 survivors (4096K)
}

