# JRE version: Java(TM) SE Runtime Environment (25.0.1+8) (build 25.0.1+8-LTS-27)
# Java VM: Java HotSpot(TM) 64-Bit Server VM (25.0.1+8-LTS-27, mixed mode, emulated-client, sharing, tiered, compressed oops, compressed class ptrs, g1 gc, windows-amd64)
GC Precious Log:
 CardTable entry size: 512
 Card Set container configuration: InlinePtr #cards 5 size 8 Array Of Cards #cards 10 size 36 Howl #buckets 4 coarsen threshold 1843 Howl Bitmap #cards 512 size 80 coarsen threshold 460 Card regions per heap region 1 cards per card region 2048
 CPUs: 4 total, 4 available
 Memory: 8103M
 Large Page Support: Disabled
 NUMA Support: Disabled
 Compressed Oops: Enabled (32-bit)
 Heap Region Size: 1M
 Heap Min Capacity: 8M
 Heap Initial Capacity: 128M
 Heap Max Capacity: 2026M
 Pre-touch: Disabled
 Parallel Workers: 4
 Concurrent Workers: 1
 Concurrent Refinement Workers: 4
 Periodic GC: Disabled
Heap:
 garbage-first heap   total reserved 2074624K, committed 136192K, used 76895K [0x0000000081600000, 0x0000000100000000)
  region size 1024K, 4 young (4096K), 4 survivors (4096K)
GC Heap Usage History (20 events):
Event: 7.588 {heap After GC invocations=13 (full 0):
 garbage-first heap   total reserved 2074624K, committed 86016K, used 44804K [0x0000000081600000, 0x0000000100000000)
  region size 1024K, 5 young (5120K), 5 survivors (5120K)
}
Event: 8.354 {heap Before GC invocations=14 (full 0):
 garbage-first heap   total reserved 2074624K, committed 86016K, used 75524K [0x0000000081600000, 0x0000000100000000)
  region size 1024K, 35 young (35840K), 5 survivors (5120K)
}
Event: 8.362 {heap After GC invocations=15 (full 0):
 garbage-first heap   total reserved 2074624K, committed 86016K, used 47320K [0x0000000081600000, 0x0000000100000000)
  region size 1024K, 5 young (5120K), 5 survivors (5120K)
}
Event: 9.067 {heap Before GC invocations=15 (full 0):
 garbage-first heap   total reserved 2074624K, committed 86016K, used 75992K [0x0000000081600000, 0x0000000100000000)
  region size 1024K, 33 young (33792K), 5 survivors (5120K)
}
Event: 9.074 {heap After GC invocations=16 (full 0):
 garbage-first heap   total reserved 2074624K, committed 103424K, used 48445K [0x0000000081600000, 0x0000000100000000)
  region size 1024K, 4 young (4096K), 4 survivors (4096K)
}
Event: 10.226 {heap Before GC invocations=16 (full 0):
 garbage-first heap   total reserved 2074624K, committed 103424K, used 91453K [0x0000000081600000, 0x0000000100000000)
  region size 1024K, 46 young (47104K), 4 survivors (4096K)
}
Event: 10.237 {heap After GC invocations=17 (full 0):
 garbage-first heap   total reserved 2074624K, committed 103424K, used 50989K [0x0000000081600000, 0x0000000100000000)
  region size 1024K, 4 young (4096K), 4 survivors (4096K)
}
Event: 11.006 {heap Before GC invocations=17 (full 0):
 garbage-first heap   total reserved 2074624K, committed 103424K, used 92973K [0x0000000081600000, 0x0000000100000000)
  region size 1024K, 45 young (46080K), 4 survivors (4096K)
}
Event: 11.023 {heap After GC invocations=18 (full 0):
 garbage-first heap   total reserved 2074624K, committed 105472K, used 59287K [0x0000000081600000, 0x0000000100000000)
  region size 1024K, 6 young (6144K), 6 survivors (6144K)
}
Event: 11.222 {heap Before GC invocations=19 (full 0):
 garbage-first heap   total reserved 2074624K, committed 105472K, used 92055K [0x0000000081600000, 0x0000000100000000)
  region size 1024K, 38 young (38912K), 6 survivors (6144K)
}
Event: 11.240 {heap After GC invocations=20 (full 0):
 garbage-first heap   total reserved 2074624K, committed 106496K, used 67323K [0x0000000081600000, 0x0000000100000000)
  region size 1024K, 5 young (5120K), 5 survivors (5120K)
}
Event: 11.320 {heap Before GC invocations=20 (full 0):
 garbage-first heap   total reserved 2074624K, committed 106496K, used 92923K [0x0000000081600000, 0x0000000100000000)
  region size 1024K, 30 young (30720K), 5 survivors (5120K)
}
Event: 11.333 {heap After GC invocations=21 (full 0):
 garbage-first heap   total reserved 2074624K, committed 106496K, used 71402K [0x0000000081600000, 0x0000000100000000)
  region size 1024K, 4 young (4096K), 4 survivors (4096K)
}
Event: 11.406 {heap Before GC invocations=21 (full 0):
 garbage-first heap   total reserved 2074624K, committed 106496K, used 92906K [0x0000000081600000, 0x0000000100000000)
  region size 1024K, 25 young (25600K), 4 survivors (4096K)
}
Event: 11.414 {heap After GC invocations=22 (full 0):
 garbage-first heap   total reserved 2074624K, committed 106496K, used 74929K [0x0000000081600000, 0x0000000100000000)
  region size 1024K, 3 young (3072K), 3 survivors (3072K)
}
Event: 11.627 {heap Before GC invocations=23 (full 0):
 garbage-first heap   total reserved 2074624K, committed 119808K, used 89265K [0x0000000081600000, 0x0000000100000000)
  region size 1024K, 22 young (22528K), 3 survivors (3072K)
}
Event: 11.635 {heap After GC invocations=24 (full 0):
 garbage-first heap   total reserved 2074624K, committed 119808K, used 74429K [0x0000000081600000, 0x0000000100000000)
  region size 1024K, 3 young (3072K), 3 survivors (3072K)
}
Event: 11.726 {heap Before GC invocations=24 (full 0):
 garbage-first heap   total reserved 2074624K, committed 119808K, used 103101K [0x0000000081600000, 0x0000000100000000)
  region size 1024K, 31 young (31744K), 3 survivors (3072K)
}
Event: 11.733 {heap After GC invocations=25 (full 0):
 garbage-first heap   total reserved 2074624K, committed 119808K, used 74873K [0x0000000081600000, 0x0000000100000000)
  region size 1024K, 2 young (2048K), 2 survivors (2048K)
}
Event: 12.119 {heap Before GC invocations=25 (full 0):
 garbage-first heap   total reserved 2074624K, committed 119808K, used 104569K [0x0000000081600000, 0x0000000100000000)
  region size 1024K, 32 young (32768K), 2 survivors (2048K)
}

