# JRE version: Java(TM) SE Runtime Environment (25.0.1+8) (build 25.0.1+8-LTS-27)
# Java VM: Java HotSpot(TM) 64-Bit Server VM (25.0.1+8-LTS-27, mixed mode, emulated-client, sharing, tiered, compressed oops, compressed class ptrs, g1 gc, windows-amd64)
GC Precious Log:
 CardTable entry size: 512
 Card Set container configuration: InlinePtr #cards 5 size 8 Array Of Cards #cards 10 size 36 Howl #buckets 4 coarsen threshold 1843 Howl Bitmap #cards 512 size 80 coarsen threshold 460 Card regions per heap region 1 cards per card region 2048
 CPUs: 4 total, 4 available
 Memory: 8103M
 Large Page Support: Disabled
 NUMA Support: Disabled
 Compressed Oops: Enabled (32-bit)
 Heap Region Size: 1M
 Heap Min Capacity: 8M
 Heap Initial Capacity: 128M
 Heap Max Capacity: 2026M
 Pre-touch: Disabled
 Parallel Workers: 4
 Concurrent Workers: 1
 Concurrent Refinement Workers: 4
 Periodic GC: Disabled
Heap:
 garbage-first heap   total reserved 2074624K, committed 137216K, used 92481K [0x0000000081600000, 0x0000000100000000)
  region size 1024K, 2 young (2048K), 2 survivors (2048K)
GC Heap Usage History (20 events):
Event: 92.951 {heap After GC invocations=23 (full 0):
 garbage-first heap   total reserved 2074624K, committed 89088K, used 54840K [0x0000000081600000, 0x0000000100000000)
  region size 1024K, 4 young (4096K), 4 survivors (4096K)
}
Event: 101.053 {heap Before GC invocations=23 (full 0):
 garbage-first heap   total reserved 2074624K, committed 89088K, used 81464K [0x0000000081600000, 0x0000000100000000)
  region size 1024K, 31 young (31744K), 4 survivors (4096K)
}
Event: 101.063 {heap After GC invocations=24 (full 0):
 garbage-first heap   total reserved 2074624K, committed 91136K, used 58571K [0x0000000081600000, 0x0000000100000000)
  region size 1024K, 4 young (4096K), 4 survivors (4096K)
}
Event: 101.520 {heap Before GC invocations=25 (full 0):
 garbage-first heap   total reserved 2074624K, committed 99328K, used 83147K [0x0000000081600000, 0x0000000100000000)
  region size 1024K, 28 young (28672K), 4 survivors (4096K)
}
Event: 101.534 {heap After GC invocations=26 (full 0):
 garbage-first heap   total reserved 2074624K, committed 99328K, used 63388K [0x0000000081600000, 0x0000000100000000)
  region size 1024K, 4 young (4096K), 4 survivors (4096K)
}
Event: 102.404 {heap Before GC invocations=26 (full 0):
 garbage-first heap   total reserved 2074624K, committed 99328K, used 88988K [0x0000000081600000, 0x0000000100000000)
  region size 1024K, 29 young (29696K), 4 survivors (4096K)
}
Event: 102.418 {heap After GC invocations=27 (full 0):
 garbage-first heap   total reserved 2074624K, committed 102400K, used 70387K [0x0000000081600000, 0x0000000100000000)
  region size 1024K, 4 young (4096K), 4 survivors (4096K)
}
Event: 102.928 {heap Before GC invocations=27 (full 0):
 garbage-first heap   total reserved 2074624K, committed 102400K, used 89843K [0x0000000081600000, 0x0000000100000000)
  region size 1024K, 23 young (23552K), 4 survivors (4096K)
}
Event: 102.935 {heap After GC invocations=28 (full 0):
 garbage-first heap   total reserved 2074624K, committed 102400K, used 72441K [0x0000000081600000, 0x0000000100000000)
  region size 1024K, 2 young (2048K), 2 survivors (2048K)
}
Event: 104.422 {heap Before GC invocations=29 (full 0):
 garbage-first heap   total reserved 2074624K, committed 119808K, used 87801K [0x0000000081600000, 0x0000000100000000)
  region size 1024K, 20 young (20480K), 2 survivors (2048K)
}
Event: 104.427 {heap After GC invocations=30 (full 0):
 garbage-first heap   total reserved 2074624K, committed 119808K, used 71484K [0x0000000081600000, 0x0000000100000000)
  region size 1024K, 3 young (3072K), 3 survivors (3072K)
}
Event: 105.626 {heap Before GC invocations=30 (full 0):
 garbage-first heap   total reserved 2074624K, committed 119808K, used 106300K [0x0000000081600000, 0x0000000100000000)
  region size 1024K, 37 young (37888K), 3 survivors (3072K)
}
Event: 105.637 {heap After GC invocations=31 (full 0):
 garbage-first heap   total reserved 2074624K, committed 119808K, used 73298K [0x0000000081600000, 0x0000000100000000)
  region size 1024K, 5 young (5120K), 5 survivors (5120K)
}
Event: 106.278 {heap Before GC invocations=31 (full 0):
 garbage-first heap   total reserved 2074624K, committed 119808K, used 106066K [0x0000000081600000, 0x0000000100000000)
  region size 1024K, 37 young (37888K), 5 survivors (5120K)
}
Event: 106.293 {heap After GC invocations=32 (full 0):
 garbage-first heap   total reserved 2074624K, committed 119808K, used 81378K [0x0000000081600000, 0x0000000100000000)
  region size 1024K, 5 young (5120K), 5 survivors (5120K)
}
Event: 106.789 {heap Before GC invocations=33 (full 0):
 garbage-first heap   total reserved 2074624K, committed 137216K, used 105954K [0x0000000081600000, 0x0000000100000000)
  region size 1024K, 29 young (29696K), 5 survivors (5120K)
}
Event: 106.803 {heap After GC invocations=34 (full 0):
 garbage-first heap   total reserved 2074624K, committed 137216K, used 88016K [0x0000000081600000, 0x0000000100000000)
  region size 1024K, 4 young (4096K), 4 survivors (4096K)
}
Event: 107.693 {heap Before GC invocations=34 (full 0):
 garbage-first heap   total reserved 2074624K, committed 137216K, used 117712K [0x0000000081600000, 0x0000000100000000)
  region size 1024K, 34 young (34816K), 4 survivors (4096K)
}
Event: 107.710 {heap After GC invocations=35 (full 0):
 garbage-first heap   total reserved 2074624K, committed 137216K, used 92846K [0x0000000081600000, 0x0000000100000000)
  region size 1024K, 5 young (5120K), 5 survivors (5120K)
}
Event: 108.972 {heap Before GC invocations=35 (full 0):
 garbage-first heap   total reserved 2074624K, committed 137216K, used 120494K [0x0000000081600000, 0x0000000100000000)
  region size 1024K, 32 young (32768K), 5 survivors (5120K)
}

