# JRE version: Java(TM) SE Runtime Environment (25.0.1+8) (build 25.0.1+8-LTS-27)
# Java VM: Java HotSpot(TM) 64-Bit Server VM (25.0.1+8-LTS-27, mixed mode, sharing, tiered, compressed oops, compressed class ptrs, g1 gc, windows-amd64)
GC Precious Log:
 CardTable entry size: 512
 Card Set container configuration: InlinePtr #cards 5 size 8 Array Of Cards #cards 10 size 36 Howl #buckets 4 coarsen threshold 1843 Howl Bitmap #cards 512 size 80 coarsen threshold 460 Card regions per heap region 1 cards per card region 2048
 CPUs: 4 total, 4 available
 Memory: 8103M
 Large Page Support: Disabled
 NUMA Support: Disabled
 Compressed Oops: Enabled (32-bit)
 Heap Region Size: 1M
 Heap Min Capacity: 8M
 Heap Initial Capacity: 128M
 Heap Max Capacity: 2026M
 Pre-touch: Disabled
 Parallel Workers: 4
 Concurrent Workers: 1
 Concurrent Refinement Workers: 4
 Periodic GC: Disabled
Heap:
 garbage-first heap   total reserved 2074624K, committed 117760K, used 76800K [0x0000000081600000, 0x0000000100000000)
  region size 1024K, 30 young (30720K), 7 survivors (7168K)
GC Heap Usage History (14 events):
Event: 2.467 {heap Before GC invocations=0 (full 0):
 garbage-first heap   total reserved 2074624K, committed 133120K, used 29845K [0x0000000081600000, 0x0000000100000000)
  region size 1024K, 28 young (28672K), 0 survivors (0K)
}
Event: 2.482 {heap After GC invocations=1 (full 0):
 garbage-first heap   total reserved 2074624K, committed 133120K, used 4501K [0x0000000081600000, 0x0000000100000000)
  region size 1024K, 4 young (4096K), 4 survivors (4096K)
}
Event: 5.944 {heap Before GC invocations=1 (full 0):
 garbage-first heap   total reserved 2074624K, committed 133120K, used 59797K [0x0000000081600000, 0x0000000100000000)
  region size 1024K, 58 young (59392K), 4 survivors (4096K)
}
Event: 5.963 {heap After GC invocations=2 (full 0):
 garbage-first heap   total reserved 2074624K, committed 133120K, used 9490K [0x0000000081600000, 0x0000000100000000)
  region size 1024K, 8 young (8192K), 8 survivors (8192K)
}
Event: 9.259 {heap Before GC invocations=2 (full 0):
 garbage-first heap   total reserved 2074624K, committed 133120K, used 77074K [0x0000000081600000, 0x0000000100000000)
  region size 1024K, 74 young (75776K), 8 survivors (8192K)
}
Event: 9.290 {heap After GC invocations=3 (full 0):
 garbage-first heap   total reserved 2074624K, committed 133120K, used 16737K [0x0000000081600000, 0x0000000100000000)
  region size 1024K, 7 young (7168K), 7 survivors (7168K)
}
Event: 10.828 {heap Before GC invocations=3 (full 0):
 garbage-first heap   total reserved 2074624K, committed 133120K, used 87393K [0x0000000081600000, 0x0000000100000000)
  region size 1024K, 76 young (77824K), 7 survivors (7168K)
}
Event: 10.844 {heap After GC invocations=4 (full 0):
 garbage-first heap   total reserved 2074624K, committed 133120K, used 19964K [0x0000000081600000, 0x0000000100000000)
  region size 1024K, 4 young (4096K), 4 survivors (4096K)
}
Event: 16.132 {heap Before GC invocations=4 (full 0):
 garbage-first heap   total reserved 2074624K, committed 133120K, used 125436K [0x0000000081600000, 0x0000000100000000)
  region size 1024K, 68 young (69632K), 4 survivors (4096K)
}
Event: 16.151 {heap After GC invocations=5 (full 0):
 garbage-first heap   total reserved 2074624K, committed 139264K, used 32917K [0x0000000081600000, 0x0000000100000000)
  region size 1024K, 10 young (10240K), 10 survivors (10240K)
}
Event: 19.095 {heap Before GC invocations=6 (full 0):
 garbage-first heap   total reserved 2074624K, committed 112640K, used 92309K [0x0000000081600000, 0x0000000100000000)
  region size 1024K, 66 young (67584K), 10 survivors (10240K)
}
Event: 19.143 {heap After GC invocations=7 (full 0):
 garbage-first heap   total reserved 2074624K, committed 117760K, used 46229K [0x0000000081600000, 0x0000000100000000)
  region size 1024K, 9 young (9216K), 9 survivors (9216K)
}
Event: 20.880 {heap Before GC invocations=7 (full 0):
 garbage-first heap   total reserved 2074624K, committed 117760K, used 91285K [0x0000000081600000, 0x0000000100000000)
  region size 1024K, 53 young (54272K), 9 survivors (9216K)
}
Event: 20.917 {heap After GC invocations=8 (full 0):
 garbage-first heap   total reserved 2074624K, committed 117760K, used 54272K [0x0000000081600000, 0x0000000100000000)
  region size 1024K, 7 young (7168K), 7 survivors (7168K)
}

