# JRE version: Java(TM) SE Runtime Environment (25.0.1+8) (build 25.0.1+8-LTS-27)
# Java VM: Java HotSpot(TM) 64-Bit Server VM (25.0.1+8-LTS-27, mixed mode, sharing, tiered, compressed oops, compressed class ptrs, g1 gc, windows-amd64)
GC Precious Log:
 CardTable entry size: 512
 Card Set container configuration: InlinePtr #cards 5 size 8 Array Of Cards #cards 10 size 36 Howl #buckets 4 coarsen threshold 1843 Howl Bitmap #cards 512 size 80 coarsen threshold 460 Card regions per heap region 1 cards per card region 2048
 CPUs: 4 total, 4 available
 Memory: 8103M
 Large Page Support: Disabled
 NUMA Support: Disabled
 Compressed Oops: Enabled (32-bit)
 Heap Region Size: 1M
 Heap Min Capacity: 8M
 Heap Initial Capacity: 128M
 Heap Max Capacity: 2026M
 Pre-touch: Disabled
 Parallel Workers: 4
 Concurrent Workers: 1
 Concurrent Refinement Workers: 4
 Periodic GC: Disabled
Heap:
 garbage-first heap   total reserved 2074624K, committed 118784K, used 92389K [0x0000000081600000, 0x0000000100000000)
  region size 1024K, 36 young (36864K), 3 survivors (3072K)
GC Heap Usage History (16 events):
Event: 2.342 {heap Before GC invocations=0 (full 0):
 garbage-first heap   total reserved 2074624K, committed 133120K, used 29845K [0x0000000081600000, 0x0000000100000000)
  region size 1024K, 28 young (28672K), 0 survivors (0K)
}
Event: 2.349 {heap After GC invocations=1 (full 0):
 garbage-first heap   total reserved 2074624K, committed 133120K, used 4586K [0x0000000081600000, 0x0000000100000000)
  region size 1024K, 4 young (4096K), 4 survivors (4096K)
}
Event: 5.516 {heap Before GC invocations=1 (full 0):
 garbage-first heap   total reserved 2074624K, committed 133120K, used 59882K [0x0000000081600000, 0x0000000100000000)
  region size 1024K, 58 young (59392K), 4 survivors (4096K)
}
Event: 5.533 {heap After GC invocations=2 (full 0):
 garbage-first heap   total reserved 2074624K, committed 133120K, used 9563K [0x0000000081600000, 0x0000000100000000)
  region size 1024K, 8 young (8192K), 8 survivors (8192K)
}
Event: 8.416 {heap Before GC invocations=2 (full 0):
 garbage-first heap   total reserved 2074624K, committed 133120K, used 77147K [0x0000000081600000, 0x0000000100000000)
  region size 1024K, 74 young (75776K), 8 survivors (8192K)
}
Event: 8.444 {heap After GC invocations=3 (full 0):
 garbage-first heap   total reserved 2074624K, committed 133120K, used 16223K [0x0000000081600000, 0x0000000100000000)
  region size 1024K, 7 young (7168K), 7 survivors (7168K)
}
Event: 11.594 {heap Before GC invocations=3 (full 0):
 garbage-first heap   total reserved 2074624K, committed 133120K, used 86879K [0x0000000081600000, 0x0000000100000000)
  region size 1024K, 76 young (77824K), 7 survivors (7168K)
}
Event: 11.609 {heap After GC invocations=4 (full 0):
 garbage-first heap   total reserved 2074624K, committed 133120K, used 20393K [0x0000000081600000, 0x0000000100000000)
  region size 1024K, 5 young (5120K), 5 survivors (5120K)
}
Event: 16.722 {heap Before GC invocations=4 (full 0):
 garbage-first heap   total reserved 2074624K, committed 133120K, used 125865K [0x0000000081600000, 0x0000000100000000)
  region size 1024K, 68 young (69632K), 5 survivors (5120K)
}
Event: 16.738 {heap After GC invocations=5 (full 0):
 garbage-first heap   total reserved 2074624K, committed 139264K, used 32634K [0x0000000081600000, 0x0000000100000000)
  region size 1024K, 10 young (10240K), 10 survivors (10240K)
}
Event: 19.360 {heap Before GC invocations=6 (full 0):
 garbage-first heap   total reserved 2074624K, committed 112640K, used 92026K [0x0000000081600000, 0x0000000100000000)
  region size 1024K, 66 young (67584K), 10 survivors (10240K)
}
Event: 19.404 {heap After GC invocations=7 (full 0):
 garbage-first heap   total reserved 2074624K, committed 118784K, used 50042K [0x0000000081600000, 0x0000000100000000)
  region size 1024K, 9 young (9216K), 9 survivors (9216K)
}
Event: 20.642 {heap Before GC invocations=7 (full 0):
 garbage-first heap   total reserved 2074624K, committed 118784K, used 93050K [0x0000000081600000, 0x0000000100000000)
  region size 1024K, 51 young (52224K), 9 survivors (9216K)
}
Event: 20.676 {heap After GC invocations=8 (full 0):
 garbage-first heap   total reserved 2074624K, committed 118784K, used 58085K [0x0000000081600000, 0x0000000100000000)
  region size 1024K, 7 young (7168K), 7 survivors (7168K)
}
Event: 23.363 {heap Before GC invocations=8 (full 0):
 garbage-first heap   total reserved 2074624K, committed 118784K, used 95973K [0x0000000081600000, 0x0000000100000000)
  region size 1024K, 45 young (46080K), 7 survivors (7168K)
}
Event: 23.384 {heap After GC invocations=9 (full 0):
 garbage-first heap   total reserved 2074624K, committed 118784K, used 60645K [0x0000000081600000, 0x0000000100000000)
  region size 1024K, 3 young (3072K), 3 survivors (3072K)
}

